TN:
SF:dist\api\src\constants.js
FNF:0
FNH:0
DA:2,2
DA:3,2
DA:4,2
DA:5,2
DA:9,2
LF:5
LH:5
BRF:0
BRH:0
end_of_record
TN:
SF:dist\api\src\model\creditCard.js
FN:14,(anonymous_0)
FN:25,(anonymous_1)
FN:33,(anonymous_2)
FN:41,(anonymous_3)
FN:49,(anonymous_4)
FN:52,(anonymous_5)
FNF:6
FNH:6
FNDA:11,(anonymous_0)
FNDA:9,(anonymous_1)
FNDA:11,(anonymous_2)
FNDA:3,(anonymous_3)
FNDA:9,(anonymous_4)
FNDA:27,(anonymous_5)
DA:2,1
DA:3,1
DA:15,11
DA:16,11
DA:17,11
DA:18,11
DA:26,9
DA:34,11
DA:42,3
DA:50,9
DA:53,27
DA:56,1
LF:12
LH:12
BRF:0
BRH:0
end_of_record
TN:
SF:dist\api\src\service\creditCardManagement.js
FN:16,(anonymous_0)
FN:27,(anonymous_1)
FN:54,(anonymous_2)
FN:56,(anonymous_3)
FN:69,(anonymous_4)
FN:71,(anonymous_5)
FN:89,(anonymous_6)
FN:91,(anonymous_7)
FN:107,(anonymous_8)
FN:109,(anonymous_9)
FN:118,(anonymous_10)
FN:121,(anonymous_11)
FNF:12
FNH:12
FNDA:8,(anonymous_0)
FNDA:13,(anonymous_1)
FNDA:9,(anonymous_2)
FNDA:12,(anonymous_3)
FNDA:1,(anonymous_4)
FNDA:1,(anonymous_5)
FNDA:2,(anonymous_6)
FNDA:2,(anonymous_7)
FNDA:2,(anonymous_8)
FNDA:2,(anonymous_9)
FNDA:1,(anonymous_10)
FNDA:1,(anonymous_11)
DA:2,1
DA:3,1
DA:4,1
DA:5,1
DA:6,1
DA:7,1
DA:8,1
DA:17,8
DA:28,13
DA:29,13
DA:30,13
DA:31,13
DA:32,13
DA:33,13
DA:34,2
DA:35,2
DA:40,11
DA:41,11
DA:42,11
DA:56,9
DA:57,12
DA:58,12
DA:59,8
DA:67,9
DA:70,1
DA:71,1
DA:72,1
DA:78,1
DA:79,1
DA:90,2
DA:91,2
DA:92,2
DA:93,2
DA:94,1
DA:95,1
DA:98,2
DA:108,2
DA:109,2
DA:110,2
DA:111,2
DA:112,1
DA:113,1
DA:116,2
DA:119,1
DA:122,1
DA:125,1
LF:46
LH:46
BRDA:33,0,0,2
BRDA:33,0,1,11
BRDA:37,1,0,2
BRDA:37,1,1,0
BRDA:58,2,0,8
BRDA:58,2,1,4
BRDA:93,3,0,1
BRDA:93,3,1,1
BRDA:111,4,0,1
BRDA:111,4,1,1
BRF:10
BRH:9
end_of_record
TN:
SF:dist\api\src\service\gateway.js
FN:18,(anonymous_0)
FNF:1
FNH:1
FNDA:2,(anonymous_0)
DA:2,1
DA:3,1
DA:4,1
DA:5,1
DA:19,2
DA:20,1
DA:21,1
DA:22,1
DA:23,1
DA:24,0
DA:26,1
DA:27,1
DA:29,1
DA:30,1
DA:31,1
DA:32,1
DA:33,0
DA:35,1
DA:36,1
DA:38,0
DA:41,1
LF:21
LH:18
BRDA:19,0,0,1
BRDA:19,0,1,1
BRDA:23,1,0,0
BRDA:23,1,1,1
BRDA:29,2,0,1
BRDA:29,2,1,0
BRDA:32,3,0,0
BRDA:32,3,1,1
BRF:8
BRH:5
end_of_record
TN:
SF:dist\api\src\service\security.js
FN:2,(anonymous_0)
FN:16,encrypt
FN:32,decrypt
FN:48,validateToken
FN:63,generateToken
FNF:5
FNH:5
FNDA:2,(anonymous_0)
FNDA:16,encrypt
FNDA:12,decrypt
FNDA:2,validateToken
FNDA:1,generateToken
DA:2,2
DA:3,2
DA:5,2
DA:6,2
DA:7,2
DA:8,2
DA:17,16
DA:18,16
DA:19,259
DA:20,259
DA:22,16
DA:24,2
DA:33,12
DA:34,12
DA:35,276
DA:36,276
DA:38,12
DA:40,2
DA:49,2
DA:50,2
DA:51,2
DA:52,0
DA:54,2
DA:55,1
DA:58,1
DA:59,1
DA:62,2
DA:64,1
DA:68,2
LF:29
LH:28
BRDA:2,0,0,2
BRDA:2,0,1,0
BRDA:2,0,2,2
BRDA:3,1,0,0
BRDA:3,1,1,2
BRDA:3,2,0,2
BRDA:3,2,1,2
BRDA:51,3,0,0
BRDA:51,3,1,2
BRF:9
BRH:6
end_of_record
TN:
SF:dist\src\constants.js
FNF:0
FNH:0
DA:2,2
DA:3,2
DA:4,2
DA:5,2
DA:9,2
LF:5
LH:5
BRF:0
BRH:0
end_of_record
TN:
SF:dist\src\model\creditCard.js
FN:14,(anonymous_0)
FN:25,(anonymous_1)
FN:33,(anonymous_2)
FN:41,(anonymous_3)
FN:49,(anonymous_4)
FN:52,(anonymous_5)
FNF:6
FNH:6
FNDA:9,(anonymous_0)
FNDA:9,(anonymous_1)
FNDA:11,(anonymous_2)
FNDA:3,(anonymous_3)
FNDA:9,(anonymous_4)
FNDA:27,(anonymous_5)
DA:2,1
DA:3,1
DA:15,9
DA:16,9
DA:17,9
DA:18,9
DA:26,9
DA:34,11
DA:42,3
DA:50,9
DA:53,27
DA:56,1
LF:12
LH:12
BRF:0
BRH:0
end_of_record
TN:
SF:dist\src\service\creditCardManagement.js
FN:16,(anonymous_0)
FN:27,(anonymous_1)
FN:54,(anonymous_2)
FN:56,(anonymous_3)
FN:69,(anonymous_4)
FN:71,(anonymous_5)
FN:89,(anonymous_6)
FN:91,(anonymous_7)
FN:107,(anonymous_8)
FN:109,(anonymous_9)
FN:118,(anonymous_10)
FN:121,(anonymous_11)
FNF:12
FNH:12
FNDA:8,(anonymous_0)
FNDA:11,(anonymous_1)
FNDA:9,(anonymous_2)
FNDA:12,(anonymous_3)
FNDA:1,(anonymous_4)
FNDA:1,(anonymous_5)
FNDA:2,(anonymous_6)
FNDA:2,(anonymous_7)
FNDA:2,(anonymous_8)
FNDA:2,(anonymous_9)
FNDA:1,(anonymous_10)
FNDA:1,(anonymous_11)
DA:2,1
DA:3,1
DA:4,1
DA:5,1
DA:6,1
DA:7,1
DA:8,1
DA:17,8
DA:28,11
DA:29,11
DA:30,11
DA:31,11
DA:32,11
DA:33,11
DA:34,2
DA:35,2
DA:40,9
DA:41,9
DA:42,9
DA:56,9
DA:57,12
DA:58,12
DA:59,8
DA:67,9
DA:70,1
DA:71,1
DA:72,1
DA:78,1
DA:79,1
DA:90,2
DA:91,2
DA:92,2
DA:93,2
DA:94,1
DA:95,1
DA:98,2
DA:108,2
DA:109,2
DA:110,2
DA:111,2
DA:112,1
DA:113,1
DA:116,2
DA:119,1
DA:122,1
DA:125,1
LF:46
LH:46
BRDA:33,0,0,2
BRDA:33,0,1,9
BRDA:37,1,0,2
BRDA:37,1,1,0
BRDA:58,2,0,8
BRDA:58,2,1,4
BRDA:93,3,0,1
BRDA:93,3,1,1
BRDA:111,4,0,1
BRDA:111,4,1,1
BRF:10
BRH:9
end_of_record
TN:
SF:dist\src\service\gateway.js
FN:18,(anonymous_0)
FNF:1
FNH:1
FNDA:2,(anonymous_0)
DA:2,1
DA:3,1
DA:4,1
DA:5,1
DA:19,2
DA:20,1
DA:21,1
DA:22,1
DA:23,1
DA:24,0
DA:26,1
DA:27,1
DA:29,1
DA:30,1
DA:31,1
DA:32,1
DA:33,0
DA:35,1
DA:36,1
DA:38,0
DA:41,1
LF:21
LH:18
BRDA:19,0,0,1
BRDA:19,0,1,1
BRDA:23,1,0,0
BRDA:23,1,1,1
BRDA:29,2,0,1
BRDA:29,2,1,0
BRDA:32,3,0,0
BRDA:32,3,1,1
BRF:8
BRH:5
end_of_record
TN:
SF:dist\src\service\security.js
FN:2,(anonymous_0)
FN:16,encrypt
FN:32,decrypt
FN:48,validateToken
FN:63,generateToken
FNF:5
FNH:5
FNDA:2,(anonymous_0)
FNDA:14,encrypt
FNDA:12,decrypt
FNDA:2,validateToken
FNDA:1,generateToken
DA:2,2
DA:3,2
DA:5,2
DA:6,2
DA:7,2
DA:8,2
DA:17,14
DA:18,14
DA:19,227
DA:20,227
DA:22,14
DA:24,2
DA:33,12
DA:34,12
DA:35,276
DA:36,276
DA:38,12
DA:40,2
DA:49,2
DA:50,2
DA:51,2
DA:52,0
DA:54,2
DA:55,1
DA:58,1
DA:59,1
DA:62,2
DA:64,1
DA:68,2
LF:29
LH:28
BRDA:2,0,0,2
BRDA:2,0,1,0
BRDA:2,0,2,2
BRDA:3,1,0,0
BRDA:3,1,1,2
BRDA:3,2,0,2
BRDA:3,2,1,2
BRDA:51,3,0,0
BRDA:51,3,1,2
BRF:9
BRH:6
end_of_record
TN:
SF:src\constants.ts
FNF:0
FNH:0
DA:1,2
DA:3,2
DA:8,2
LF:3
LH:3
BRF:0
BRH:0
end_of_record
TN:
SF:src\model\creditCard.ts
FN:29,(anonymous_0)
FN:46,(anonymous_1)
FN:55,(anonymous_2)
FN:64,(anonymous_3)
FN:73,(anonymous_4)
FN:77,(anonymous_5)
FNF:6
FNH:6
FNDA:11,(anonymous_0)
FNDA:9,(anonymous_1)
FNDA:11,(anonymous_2)
FNDA:3,(anonymous_3)
FNDA:9,(anonymous_4)
FNDA:28,(anonymous_5)
DA:35,11
DA:36,11
DA:37,11
DA:38,11
DA:47,9
DA:56,11
DA:65,3
DA:74,9
DA:78,28
LF:9
LH:9
BRF:0
BRH:0
end_of_record
TN:
SF:src\service\creditCardManagement.ts
FN:20,(anonymous_0)
FN:32,(anonymous_1)
FN:70,(anonymous_2)
FN:72,(anonymous_3)
FN:88,(anonymous_4)
FN:91,(anonymous_5)
FN:112,(anonymous_6)
FN:115,(anonymous_7)
FN:134,(anonymous_8)
FN:137,(anonymous_9)
FN:149,(anonymous_10)
FN:158,(anonymous_11)
FNF:12
FNH:12
FNDA:8,(anonymous_0)
FNDA:12,(anonymous_1)
FNDA:9,(anonymous_2)
FNDA:14,(anonymous_3)
FNDA:1,(anonymous_4)
FNDA:1,(anonymous_5)
FNDA:2,(anonymous_6)
FNDA:2,(anonymous_7)
FNDA:2,(anonymous_8)
FNDA:2,(anonymous_9)
FNDA:1,(anonymous_10)
FNDA:1,(anonymous_11)
DA:21,8
DA:36,12
DA:38,12
DA:40,12
DA:42,12
DA:44,12
DA:45,12
DA:46,1
DA:48,1
DA:54,11
DA:55,11
DA:57,11
DA:72,9
DA:73,14
DA:75,14
DA:76,8
DA:85,9
DA:89,1
DA:91,1
DA:92,1
DA:99,1
DA:101,1
DA:113,2
DA:115,2
DA:116,2
DA:118,2
DA:119,1
DA:120,1
DA:124,2
DA:135,2
DA:137,2
DA:138,2
DA:140,2
DA:141,1
DA:142,1
DA:146,2
DA:150,1
DA:159,1
LF:38
LH:38
BRDA:45,0,0,1
BRDA:45,0,1,11
BRDA:50,1,0,1
BRDA:50,1,1,0
BRDA:75,2,0,8
BRDA:75,2,1,6
BRDA:118,3,0,1
BRDA:118,3,1,1
BRDA:140,4,0,1
BRDA:140,4,1,1
BRF:10
BRH:9
end_of_record
TN:
SF:src\service\gateway.ts
FN:17,(anonymous_0)
FNF:1
FNH:1
FNDA:2,(anonymous_0)
DA:23,2
DA:24,1
DA:25,1
DA:27,1
DA:29,1
DA:30,0
DA:33,1
DA:35,1
DA:36,1
DA:37,1
DA:39,1
DA:41,1
DA:42,0
DA:45,1
DA:47,1
DA:50,0
LF:16
LH:13
BRDA:23,0,0,1
BRDA:23,0,1,1
BRDA:29,1,0,0
BRDA:29,1,1,1
BRDA:36,2,0,1
BRDA:36,2,1,0
BRDA:41,3,0,0
BRDA:41,3,1,1
BRF:8
BRH:5
end_of_record
TN:
SF:src\service\security.ts
FN:11,encrypt
FN:27,decrypt
FN:43,validateToken
FN:60,generateToken
FNF:4
FNH:4
FNDA:15,encrypt
FNDA:12,decrypt
FNDA:2,validateToken
FNDA:1,generateToken
DA:12,15
DA:13,15
DA:14,243
DA:15,243
DA:17,15
DA:28,12
DA:29,12
DA:30,276
DA:31,276
DA:33,12
DA:44,2
DA:45,2
DA:47,2
DA:48,0
DA:51,2
DA:53,1
DA:55,1
DA:56,1
DA:61,1
LF:19
LH:18
BRDA:47,0,0,0
BRDA:47,0,1,2
BRF:2
BRH:1
end_of_record
